14:49:02.281 [main                     ] DEBUG GameApplication      - Logger initialized
14:49:02.306 [main                     ] DEBUG GameApplication      - Logging settings
Title: Untitled
Version: 0.0
Width: 800
Height: 600
Fullscreen: false
Intro: false
Menus: false
Profiling: false
Single step:false
App Mode: DEVELOPER
Menu Key: ESCAPE
Stage Style: DECORATED
Scene Factory: class com.almasb.fxgl.app.SceneFactory
Dialog Factory: class com.almasb.fxgl.ui.FXGLDialogFactory
UI Factory: class com.almasb.fxgl.ui.FXGLUIFactory

14:49:02.944 [JavaFX Application Thread] DEBUG Engine               - Initializing FXGL
14:49:02.950 [JavaFX Application Thread] INFO  Engine               - FXGL-11.0-SNAPSHOT on DESKTOP
14:49:02.950 [JavaFX Application Thread] INFO  Engine               - Source code and latest versions at: https://github.com/AlmasB/FXGL
14:49:02.951 [JavaFX Application Thread] INFO  Engine               -              Join the FXGL chat at: https://gitter.im/AlmasB/FXGL
14:49:02.967 [JavaFX Application Thread] DEBUG SaveLoadManager      - Checking profiles dir: profiles/
14:49:02.972 [JavaFX Application Thread] DEBUG FS                   - Loaded MobileFSService
14:49:02.973 [JavaFX Application Thread] DEBUG Engine               - Loading localizations
14:49:02.985 [JavaFX Application Thread] DEBUG AssetLoader          - Loading from disk: /assets/properties/languages/english.properties
14:49:02.987 [JavaFX Application Thread] DEBUG AssetLoader          - Loading from disk: /assets/properties/languages/french.properties
14:49:02.989 [JavaFX Application Thread] DEBUG AssetLoader          - Loading from disk: /assets/properties/languages/german.properties
14:49:02.990 [JavaFX Application Thread] DEBUG AssetLoader          - Loading from disk: /assets/properties/languages/russian.properties
14:49:02.991 [JavaFX Application Thread] DEBUG AssetLoader          - Loading from disk: /assets/properties/languages/hungarian.properties
14:49:02.997 [JavaFX Application Thread] DEBUG Engine               - Registering font factories
14:49:02.998 [JavaFX Application Thread] DEBUG AssetLoader          - Loading from disk: /assets/ui/fonts/VarelaRound-Regular.ttf
14:49:03.112 [JavaFX Application Thread] DEBUG AssetLoader          - Loading from disk: /assets/ui/fonts/Abel-Regular.ttf
14:49:03.118 [JavaFX Application Thread] DEBUG AssetLoader          - Loading from disk: /assets/ui/fonts/lucida_console.ttf
14:49:03.130 [JavaFX Application Thread] DEBUG AssetLoader          - Loading from disk: /assets/ui/fonts/Courier-Prime.ttf
14:49:03.137 [JavaFX Application Thread] DEBUG Engine               - Setting UI factory
14:49:03.243 [JavaFX Application Thread] DEBUG AssetLoader          - Loading from disk: /assets/ui/cursors/fxgl_default.png
14:49:03.298 [JavaFX Application Thread] DEBUG MainWindow           - Creating a JavaFX scene
14:49:03.334 [JavaFX Application Thread] DEBUG MainWindow           - Target settings size: 800.0 x 600.0
14:49:03.334 [JavaFX Application Thread] DEBUG MainWindow           - Scaled scene size:    800.0 x 600.0
14:49:03.334 [JavaFX Application Thread] DEBUG MainWindow           - Scaled ratio: (1.0, 1.0)
14:49:03.335 [JavaFX Application Thread] DEBUG AssetLoader          - Loading from disk: /assets/ui/css/fxgl_dark.css
14:49:03.335 [JavaFX Application Thread] DEBUG Input                - Clearing active input actions
14:49:03.335 [JavaFX Application Thread] DEBUG MainWindow           - com.almasb.fxgl.app.StartupScene@37fca932 -> com.almasb.fxgl.app.StartupScene@37fca932
14:49:03.336 [JavaFX Application Thread] DEBUG AssetLoader          - Loading from disk: /assets/textures/fxgl_icon.png
14:49:03.351 [JavaFX Application Thread] DEBUG MainWindow           - Opening main window
14:49:03.460 [JavaFX Application Thread] DEBUG MainWindow           - Window border size: (16.0, 39.0)
14:49:03.461 [JavaFX Application Thread] DEBUG MainWindow           - Scaled size: 800.0 x 600.0
14:49:03.461 [JavaFX Application Thread] DEBUG MainWindow           - Scaled ratio: (1.0, 1.0)
14:49:03.461 [JavaFX Application Thread] DEBUG MainWindow           - Scene size: 800.0 x 600.0
14:49:03.461 [JavaFX Application Thread] DEBUG MainWindow           - Stage size: 816.0 x 639.0
14:49:03.477 [FXGL Background Thread 1 ] DEBUG Engine               - Loading FXGL system data
14:49:03.481 [FXGL Background Thread 1 ] DEBUG MobileFSService      - Reading from: C:\Users\Dan\IdeaProjects\JavaDropGame\system\fxgl.bundle
14:49:03.487 [FXGL Background Thread 1 ] DEBUG Bundle               - Logging bundle: FXGL
14:49:03.487 [FXGL Background Thread 1 ] DEBUG Engine               - Initializing application scenes
14:49:03.489 [FXGL Background Thread 1 ] DEBUG AssetLoader          - Loading from disk: /assets/ui/cursors/fxgl_default.png
14:49:03.501 [FXGL Background Thread 1 ] DEBUG GameWorld            - Game world initialized
14:49:03.542 [FXGL Background Thread 1 ] DEBUG PhysicsWorld         - Physics world initialized: appHeight=600, physics.ppm=50,0
14:49:03.543 [FXGL Background Thread 1 ] DEBUG AssetLoader          - Loading from disk: /assets/ui/cursors/fxgl_default.png
14:49:03.545 [FXGL Background Thread 1 ] DEBUG GameScene            - Game scene initialized: 800x600
14:49:03.567 [FXGL Background Thread 1 ] DEBUG Input                - Registered new binding: Pause - Esc
14:49:03.567 [FXGL Background Thread 1 ] DEBUG Engine               - Application scenes initialized
14:49:03.573 [JavaFX Application Thread] DEBUG Engine               - Running preInit()
14:49:03.574 [JavaFX Application Thread] DEBUG Input                - Registered new binding: Screenshot - P
14:49:03.574 [JavaFX Application Thread] DEBUG Input                - Registered new binding: Dev Options - 1
14:49:03.575 [JavaFX Application Thread] DEBUG Input                - Registered new binding: System info dump - CTRL+9
14:49:03.575 [JavaFX Application Thread] DEBUG Input                - Registered new binding: Restart - CTRL+R
14:49:03.575 [JavaFX Application Thread] DEBUG Engine               - generateDefaultProfile()
14:49:03.575 [JavaFX Application Thread] DEBUG Engine               - Creating default profile
14:49:03.577 [JavaFX Application Thread] DEBUG EventBus             - Firing event: SaveEvent
14:49:03.577 [JavaFX Application Thread] INFO  Engine               - FXGL initialization took: 0,604 sec
14:49:03.578 [JavaFX Application Thread] DEBUG LoopRunner           - Starting loop
14:49:03.591 [JavaFX Application Thread] DEBUG StartupScene         - STARTUP
14:49:03.592 [JavaFX Application Thread] DEBUG Engine               - Starting new game
14:49:03.592 [JavaFX Application Thread] DEBUG AssetLoader          - Loading from disk: /assets/ui/css/fxgl_dark.css
14:49:03.592 [JavaFX Application Thread] DEBUG Input                - Clearing active input actions
14:49:03.598 [JavaFX Application Thread] DEBUG MainWindow           - com.almasb.fxgl.app.StartupScene@37fca932 -> com.almasb.fxgl.app.LoadingScene@7deb10c2
14:49:03.602 [FXGL Background Thread 1 ] DEBUG InitAppTask          - Clearing previous game
14:49:03.602 [FXGL Background Thread 1 ] DEBUG GameWorld            - Clearing game world
14:49:03.602 [FXGL Background Thread 1 ] DEBUG PhysicsWorld         - Clearing physics world
14:49:03.603 [FXGL Background Thread 1 ] DEBUG GameScene            - Clearing game scene
14:49:03.603 [FXGL Background Thread 1 ] DEBUG InitAppTask          - Initializing Game
14:49:03.604 [FXGL Background Thread 1 ] DEBUG InitAppTask          - Initializing Physics
14:49:03.604 [FXGL Background Thread 1 ] DEBUG InitAppTask          - Initializing UI
14:49:03.604 [FXGL Background Thread 1 ] DEBUG InitAppTask          - Initialization Complete
14:49:03.604 [FXGL Background Thread 1 ] INFO  InitAppTask          - Game initialization took: 0,002 sec
14:49:03.635 [JavaFX Application Thread] DEBUG AssetLoader          - Loading from disk: /assets/ui/css/fxgl_dark.css
14:49:03.635 [JavaFX Application Thread] DEBUG Input                - Clearing active input actions
14:49:03.639 [JavaFX Application Thread] DEBUG MainWindow           - com.almasb.fxgl.app.LoadingScene@7deb10c2 -> com.almasb.fxgl.app.GameScene@5fd3a197
14:49:06.693 [JavaFX Application Thread] DEBUG Engine               - Exiting FXGL
14:49:06.693 [JavaFX Application Thread] DEBUG Engine               - Shutting down background threads
14:49:06.694 [JavaFX Application Thread] DEBUG Engine               - Saving FXGL system data
14:49:06.695 [JavaFX Application Thread] DEBUG MobileFSService      - Writing to: C:\Users\Dan\IdeaProjects\JavaDropGame\system\fxgl.bundle
14:49:06.697 [JavaFX Application Thread] DEBUG Engine               - Closing logger and exiting JavaFX
