15:24:25.623 [main                     ] DEBUG GameApplication      - Logger initialized
15:24:25.647 [main                     ] DEBUG GameApplication      - Logging settings
Title: Basic Game App
Version: 0.1
Width: 600
Height: 600
Fullscreen: false
Intro: false
Menus: false
Profiling: false
Single step:false
App Mode: DEVELOPER
Menu Key: ESCAPE
Stage Style: DECORATED
Scene Factory: class com.almasb.fxgl.app.SceneFactory
Dialog Factory: class com.almasb.fxgl.ui.FXGLDialogFactory
UI Factory: class com.almasb.fxgl.ui.FXGLUIFactory

15:24:26.318 [JavaFX Application Thread] DEBUG Engine               - Initializing FXGL
15:24:26.324 [JavaFX Application Thread] INFO  Engine               - FXGL-11.0-SNAPSHOT on DESKTOP
15:24:26.324 [JavaFX Application Thread] INFO  Engine               - Source code and latest versions at: https://github.com/AlmasB/FXGL
15:24:26.324 [JavaFX Application Thread] INFO  Engine               -              Join the FXGL chat at: https://gitter.im/AlmasB/FXGL
15:24:26.348 [JavaFX Application Thread] DEBUG SaveLoadManager      - Checking profiles dir: profiles/
15:24:26.353 [JavaFX Application Thread] DEBUG FS                   - Loaded MobileFSService
15:24:26.354 [JavaFX Application Thread] DEBUG Engine               - Loading localizations
15:24:26.366 [JavaFX Application Thread] DEBUG AssetLoader          - Loading from disk: /assets/properties/languages/english.properties
15:24:26.368 [JavaFX Application Thread] DEBUG AssetLoader          - Loading from disk: /assets/properties/languages/french.properties
15:24:26.371 [JavaFX Application Thread] DEBUG AssetLoader          - Loading from disk: /assets/properties/languages/german.properties
15:24:26.372 [JavaFX Application Thread] DEBUG AssetLoader          - Loading from disk: /assets/properties/languages/russian.properties
15:24:26.373 [JavaFX Application Thread] DEBUG AssetLoader          - Loading from disk: /assets/properties/languages/hungarian.properties
15:24:26.375 [JavaFX Application Thread] DEBUG Engine               - Registering font factories
15:24:26.375 [JavaFX Application Thread] DEBUG AssetLoader          - Loading from disk: /assets/ui/fonts/VarelaRound-Regular.ttf
15:24:26.472 [JavaFX Application Thread] DEBUG AssetLoader          - Loading from disk: /assets/ui/fonts/Abel-Regular.ttf
15:24:26.480 [JavaFX Application Thread] DEBUG AssetLoader          - Loading from disk: /assets/ui/fonts/lucida_console.ttf
15:24:26.489 [JavaFX Application Thread] DEBUG AssetLoader          - Loading from disk: /assets/ui/fonts/Courier-Prime.ttf
15:24:26.496 [JavaFX Application Thread] DEBUG Engine               - Setting UI factory
15:24:26.596 [JavaFX Application Thread] DEBUG AssetLoader          - Loading from disk: /assets/ui/cursors/fxgl_default.png
15:24:26.649 [JavaFX Application Thread] DEBUG MainWindow           - Creating a JavaFX scene
15:24:26.685 [JavaFX Application Thread] DEBUG MainWindow           - Target settings size: 600.0 x 600.0
15:24:26.685 [JavaFX Application Thread] DEBUG MainWindow           - Scaled scene size:    600.0 x 600.0
15:24:26.685 [JavaFX Application Thread] DEBUG MainWindow           - Scaled ratio: (1.0, 1.0)
15:24:26.686 [JavaFX Application Thread] DEBUG AssetLoader          - Loading from disk: /assets/ui/css/fxgl_dark.css
15:24:26.686 [JavaFX Application Thread] DEBUG Input                - Clearing active input actions
15:24:26.686 [JavaFX Application Thread] DEBUG MainWindow           - com.almasb.fxgl.app.StartupScene@884acaf -> com.almasb.fxgl.app.StartupScene@884acaf
15:24:26.688 [JavaFX Application Thread] DEBUG AssetLoader          - Loading from disk: /assets/textures/fxgl_icon.png
15:24:26.702 [JavaFX Application Thread] DEBUG MainWindow           - Opening main window
15:24:26.802 [JavaFX Application Thread] DEBUG MainWindow           - Window border size: (16.0, 39.0)
15:24:26.802 [JavaFX Application Thread] DEBUG MainWindow           - Scaled size: 600.0 x 600.0
15:24:26.803 [JavaFX Application Thread] DEBUG MainWindow           - Scaled ratio: (1.0, 1.0)
15:24:26.803 [JavaFX Application Thread] DEBUG MainWindow           - Scene size: 600.0 x 600.0
15:24:26.803 [JavaFX Application Thread] DEBUG MainWindow           - Stage size: 616.0 x 639.0
15:24:26.823 [FXGL Background Thread 1 ] DEBUG Engine               - Loading FXGL system data
15:24:26.826 [FXGL Background Thread 1 ] DEBUG MobileFSService      - Reading from: C:\Users\Dan\IdeaProjects\JavaDropGame\system\fxgl.bundle
15:24:26.832 [FXGL Background Thread 1 ] DEBUG Bundle               - Logging bundle: FXGL
15:24:26.833 [FXGL Background Thread 1 ] DEBUG Engine               - Initializing application scenes
15:24:26.834 [FXGL Background Thread 1 ] DEBUG AssetLoader          - Loading from disk: /assets/ui/cursors/fxgl_default.png
15:24:26.842 [FXGL Background Thread 1 ] DEBUG GameWorld            - Game world initialized
15:24:26.886 [FXGL Background Thread 1 ] DEBUG PhysicsWorld         - Physics world initialized: appHeight=600, physics.ppm=50,0
15:24:26.887 [FXGL Background Thread 1 ] DEBUG AssetLoader          - Loading from disk: /assets/ui/cursors/fxgl_default.png
15:24:26.888 [FXGL Background Thread 1 ] DEBUG GameScene            - Game scene initialized: 600x600
15:24:26.908 [FXGL Background Thread 1 ] DEBUG Input                - Registered new binding: Pause - Esc
15:24:26.908 [FXGL Background Thread 1 ] DEBUG Engine               - Application scenes initialized
15:24:26.910 [JavaFX Application Thread] DEBUG Engine               - Running preInit()
15:24:26.910 [JavaFX Application Thread] DEBUG Input                - Registered new binding: Move Right - D
15:24:26.911 [JavaFX Application Thread] DEBUG Input                - Registered new binding: Move Left - A
15:24:26.911 [JavaFX Application Thread] DEBUG Input                - Registered new binding: Move Up - W
15:24:26.911 [JavaFX Application Thread] DEBUG Input                - Registered new binding: Move Down - S
15:24:26.911 [JavaFX Application Thread] DEBUG Input                - Registered new binding: Screenshot - P
15:24:26.912 [JavaFX Application Thread] DEBUG Input                - Registered new binding: Dev Options - 1
15:24:26.912 [JavaFX Application Thread] DEBUG Input                - Registered new binding: System info dump - CTRL+9
15:24:26.913 [JavaFX Application Thread] DEBUG Input                - Registered new binding: Restart - CTRL+R
15:24:26.913 [JavaFX Application Thread] DEBUG Engine               - generateDefaultProfile()
15:24:26.913 [JavaFX Application Thread] DEBUG Engine               - Creating default profile
15:24:26.913 [JavaFX Application Thread] DEBUG EventBus             - Firing event: SaveEvent
15:24:26.914 [JavaFX Application Thread] INFO  Engine               - FXGL initialization took: 0,561 sec
15:24:26.914 [JavaFX Application Thread] DEBUG LoopRunner           - Starting loop
15:24:26.919 [JavaFX Application Thread] DEBUG StartupScene         - STARTUP
15:24:26.919 [JavaFX Application Thread] DEBUG Engine               - Starting new game
15:24:26.920 [JavaFX Application Thread] DEBUG AssetLoader          - Loading from disk: /assets/ui/css/fxgl_dark.css
15:24:26.920 [JavaFX Application Thread] DEBUG Input                - Clearing active input actions
15:24:26.927 [JavaFX Application Thread] DEBUG MainWindow           - com.almasb.fxgl.app.StartupScene@884acaf -> com.almasb.fxgl.app.LoadingScene@71c5f310
15:24:26.934 [FXGL Background Thread 1 ] DEBUG InitAppTask          - Clearing previous game
15:24:26.935 [FXGL Background Thread 1 ] DEBUG GameWorld            - Clearing game world
15:24:26.935 [FXGL Background Thread 1 ] DEBUG PhysicsWorld         - Clearing physics world
15:24:26.935 [FXGL Background Thread 1 ] DEBUG GameScene            - Clearing game scene
15:24:26.936 [FXGL Background Thread 1 ] DEBUG InitAppTask          - Initializing Game
15:24:26.961 [JavaFX Application Thread] FATAL Engine               - Uncaught Exception:

Fatal exception occurred: java.lang.NoSuchMethodError : com.almasb.fxgl.entity.components.ViewComponent.setView(Ljavafx/scene/Node;)V
E: com.almasb.fxgl.entity.Entities$EntityBuilder.viewFromNode(Entities.java:210)
E: com.dan.drop.DropApp.initGame(DropApp.java:32)
E: com.almasb.fxgl.app.LoadingScene$InitAppTask.initGame(LoadingScene.kt:135)
E: com.almasb.fxgl.app.LoadingScene$InitAppTask.call(LoadingScene.kt:107)
E: com.almasb.fxgl.app.LoadingScene$InitAppTask.call(LoadingScene.kt:95)
E: javafx.concurrent.Task$TaskCallable.call(Task.java:1425)
E: java.base/java.util.concurrent.FutureTask.run(FutureTask.java:264)
E: java.base/java.util.concurrent.Executors$RunnableAdapter.call(Executors.java:515)
E: java.base/java.util.concurrent.FutureTask.run(FutureTask.java:264)
E: java.base/java.util.concurrent.ThreadPoolExecutor.runWorker(ThreadPoolExecutor.java:1128)
E: java.base/java.util.concurrent.ThreadPoolExecutor$Worker.run(ThreadPoolExecutor.java:628)
E: java.base/java.lang.Thread.run(Thread.java:834)

15:24:26.961 [JavaFX Application Thread] FATAL Engine               - Application will now exit
15:24:26.961 [JavaFX Application Thread] DEBUG LoopRunner           - Stopping loop
15:24:31.122 [JavaFX Application Thread] DEBUG Engine               - Exiting FXGL
15:24:31.122 [JavaFX Application Thread] DEBUG Engine               - Shutting down background threads
15:24:31.122 [JavaFX Application Thread] DEBUG Engine               - Saving FXGL system data
15:24:31.124 [JavaFX Application Thread] DEBUG MobileFSService      - Writing to: C:\Users\Dan\IdeaProjects\JavaDropGame\system\fxgl.bundle
15:24:31.127 [JavaFX Application Thread] DEBUG Engine               - Closing logger and exiting JavaFX
