15:03:06.182 [main                     ] DEBUG GameApplication      - Logger initialized
15:03:06.209 [main                     ] DEBUG GameApplication      - Logging settings
Title: Basic Game App
Version: 0.1
Width: 600
Height: 600
Fullscreen: false
Intro: false
Menus: false
Profiling: false
Single step:false
App Mode: DEVELOPER
Menu Key: ESCAPE
Stage Style: DECORATED
Scene Factory: class com.almasb.fxgl.app.SceneFactory
Dialog Factory: class com.almasb.fxgl.ui.FXGLDialogFactory
UI Factory: class com.almasb.fxgl.ui.FXGLUIFactory

15:03:06.928 [JavaFX Application Thread] DEBUG Engine               - Initializing FXGL
15:03:06.937 [JavaFX Application Thread] INFO  Engine               - FXGL-11.0-SNAPSHOT on DESKTOP
15:03:06.938 [JavaFX Application Thread] INFO  Engine               - Source code and latest versions at: https://github.com/AlmasB/FXGL
15:03:06.938 [JavaFX Application Thread] INFO  Engine               -              Join the FXGL chat at: https://gitter.im/AlmasB/FXGL
15:03:06.958 [JavaFX Application Thread] DEBUG SaveLoadManager      - Checking profiles dir: profiles/
15:03:06.966 [JavaFX Application Thread] DEBUG FS                   - Loaded MobileFSService
15:03:06.966 [JavaFX Application Thread] DEBUG Engine               - Loading localizations
15:03:06.985 [JavaFX Application Thread] DEBUG AssetLoader          - Loading from disk: /assets/properties/languages/english.properties
15:03:06.988 [JavaFX Application Thread] DEBUG AssetLoader          - Loading from disk: /assets/properties/languages/french.properties
15:03:06.991 [JavaFX Application Thread] DEBUG AssetLoader          - Loading from disk: /assets/properties/languages/german.properties
15:03:06.992 [JavaFX Application Thread] DEBUG AssetLoader          - Loading from disk: /assets/properties/languages/russian.properties
15:03:06.999 [JavaFX Application Thread] DEBUG AssetLoader          - Loading from disk: /assets/properties/languages/hungarian.properties
15:03:07.002 [JavaFX Application Thread] DEBUG Engine               - Registering font factories
15:03:07.003 [JavaFX Application Thread] DEBUG AssetLoader          - Loading from disk: /assets/ui/fonts/VarelaRound-Regular.ttf
15:03:07.104 [JavaFX Application Thread] DEBUG AssetLoader          - Loading from disk: /assets/ui/fonts/Abel-Regular.ttf
15:03:07.111 [JavaFX Application Thread] DEBUG AssetLoader          - Loading from disk: /assets/ui/fonts/lucida_console.ttf
15:03:07.121 [JavaFX Application Thread] DEBUG AssetLoader          - Loading from disk: /assets/ui/fonts/Courier-Prime.ttf
15:03:07.129 [JavaFX Application Thread] DEBUG Engine               - Setting UI factory
15:03:07.239 [JavaFX Application Thread] DEBUG AssetLoader          - Loading from disk: /assets/ui/cursors/fxgl_default.png
15:03:07.293 [JavaFX Application Thread] DEBUG MainWindow           - Creating a JavaFX scene
15:03:07.331 [JavaFX Application Thread] DEBUG MainWindow           - Target settings size: 600.0 x 600.0
15:03:07.331 [JavaFX Application Thread] DEBUG MainWindow           - Scaled scene size:    600.0 x 600.0
15:03:07.332 [JavaFX Application Thread] DEBUG MainWindow           - Scaled ratio: (1.0, 1.0)
15:03:07.332 [JavaFX Application Thread] DEBUG AssetLoader          - Loading from disk: /assets/ui/css/fxgl_dark.css
15:03:07.333 [JavaFX Application Thread] DEBUG Input                - Clearing active input actions
15:03:07.333 [JavaFX Application Thread] DEBUG MainWindow           - com.almasb.fxgl.app.StartupScene@54236898 -> com.almasb.fxgl.app.StartupScene@54236898
15:03:07.334 [JavaFX Application Thread] DEBUG AssetLoader          - Loading from disk: /assets/textures/fxgl_icon.png
15:03:07.350 [JavaFX Application Thread] DEBUG MainWindow           - Opening main window
15:03:07.458 [JavaFX Application Thread] DEBUG MainWindow           - Window border size: (16.0, 39.0)
15:03:07.459 [JavaFX Application Thread] DEBUG MainWindow           - Scaled size: 600.0 x 600.0
15:03:07.459 [JavaFX Application Thread] DEBUG MainWindow           - Scaled ratio: (1.0, 1.0)
15:03:07.459 [JavaFX Application Thread] DEBUG MainWindow           - Scene size: 600.0 x 600.0
15:03:07.459 [JavaFX Application Thread] DEBUG MainWindow           - Stage size: 616.0 x 639.0
15:03:07.491 [FXGL Background Thread 1 ] DEBUG Engine               - Loading FXGL system data
15:03:07.497 [FXGL Background Thread 1 ] DEBUG MobileFSService      - Reading from: C:\Users\Dan\IdeaProjects\JavaDropGame\system\fxgl.bundle
15:03:07.503 [FXGL Background Thread 1 ] DEBUG Bundle               - Logging bundle: FXGL
15:03:07.503 [FXGL Background Thread 1 ] DEBUG Engine               - Initializing application scenes
15:03:07.504 [FXGL Background Thread 1 ] DEBUG AssetLoader          - Loading from disk: /assets/ui/cursors/fxgl_default.png
15:03:07.513 [FXGL Background Thread 1 ] DEBUG GameWorld            - Game world initialized
15:03:07.571 [FXGL Background Thread 1 ] DEBUG PhysicsWorld         - Physics world initialized: appHeight=600, physics.ppm=50,0
15:03:07.571 [FXGL Background Thread 1 ] DEBUG AssetLoader          - Loading from disk: /assets/ui/cursors/fxgl_default.png
15:03:07.573 [FXGL Background Thread 1 ] DEBUG GameScene            - Game scene initialized: 600x600
15:03:07.594 [FXGL Background Thread 1 ] DEBUG Input                - Registered new binding: Pause - Esc
15:03:07.595 [FXGL Background Thread 1 ] DEBUG Engine               - Application scenes initialized
15:03:07.597 [JavaFX Application Thread] DEBUG Engine               - Running preInit()
15:03:07.597 [JavaFX Application Thread] DEBUG Input                - Registered new binding: Screenshot - P
15:03:07.598 [JavaFX Application Thread] DEBUG Input                - Registered new binding: Dev Options - 1
15:03:07.598 [JavaFX Application Thread] DEBUG Input                - Registered new binding: System info dump - CTRL+9
15:03:07.598 [JavaFX Application Thread] DEBUG Input                - Registered new binding: Restart - CTRL+R
15:03:07.598 [JavaFX Application Thread] DEBUG Engine               - generateDefaultProfile()
15:03:07.598 [JavaFX Application Thread] DEBUG Engine               - Creating default profile
15:03:07.599 [JavaFX Application Thread] DEBUG EventBus             - Firing event: SaveEvent
15:03:07.599 [JavaFX Application Thread] INFO  Engine               - FXGL initialization took: 0,632 sec
15:03:07.599 [JavaFX Application Thread] DEBUG LoopRunner           - Starting loop
15:03:07.615 [JavaFX Application Thread] DEBUG StartupScene         - STARTUP
15:03:07.615 [JavaFX Application Thread] DEBUG Engine               - Starting new game
15:03:07.615 [JavaFX Application Thread] DEBUG AssetLoader          - Loading from disk: /assets/ui/css/fxgl_dark.css
15:03:07.615 [JavaFX Application Thread] DEBUG Input                - Clearing active input actions
15:03:07.622 [JavaFX Application Thread] DEBUG MainWindow           - com.almasb.fxgl.app.StartupScene@54236898 -> com.almasb.fxgl.app.LoadingScene@64f4ea14
15:03:07.627 [FXGL Background Thread 1 ] DEBUG InitAppTask          - Clearing previous game
15:03:07.631 [FXGL Background Thread 1 ] DEBUG GameWorld            - Clearing game world
15:03:07.632 [FXGL Background Thread 1 ] DEBUG PhysicsWorld         - Clearing physics world
15:03:07.635 [FXGL Background Thread 1 ] DEBUG GameScene            - Clearing game scene
15:03:07.636 [FXGL Background Thread 1 ] DEBUG InitAppTask          - Initializing Game
15:03:07.651 [JavaFX Application Thread] FATAL Engine               - Uncaught Exception:

Fatal exception occurred: java.lang.NoSuchMethodError : com.almasb.fxgl.entity.components.ViewComponent.setView(Ljavafx/scene/Node;)V
E: com.almasb.fxgl.entity.Entities$EntityBuilder.viewFromNode(Entities.java:210)
E: com.dan.drop.DropApp.initGame(DropApp.java:26)
E: com.almasb.fxgl.app.LoadingScene$InitAppTask.initGame(LoadingScene.kt:135)
E: com.almasb.fxgl.app.LoadingScene$InitAppTask.call(LoadingScene.kt:107)
E: com.almasb.fxgl.app.LoadingScene$InitAppTask.call(LoadingScene.kt:95)
E: javafx.concurrent.Task$TaskCallable.call(Task.java:1425)
E: java.base/java.util.concurrent.FutureTask.run(FutureTask.java:264)
E: java.base/java.util.concurrent.Executors$RunnableAdapter.call(Executors.java:515)
E: java.base/java.util.concurrent.FutureTask.run(FutureTask.java:264)
E: java.base/java.util.concurrent.ThreadPoolExecutor.runWorker(ThreadPoolExecutor.java:1128)
E: java.base/java.util.concurrent.ThreadPoolExecutor$Worker.run(ThreadPoolExecutor.java:628)
E: java.base/java.lang.Thread.run(Thread.java:834)

15:03:07.651 [JavaFX Application Thread] FATAL Engine               - Application will now exit
15:03:07.652 [JavaFX Application Thread] DEBUG LoopRunner           - Stopping loop
15:03:14.187 [JavaFX Application Thread] DEBUG Engine               - Exiting FXGL
15:03:14.187 [JavaFX Application Thread] DEBUG Engine               - Shutting down background threads
15:03:14.187 [JavaFX Application Thread] DEBUG Engine               - Saving FXGL system data
15:03:14.189 [JavaFX Application Thread] DEBUG MobileFSService      - Writing to: C:\Users\Dan\IdeaProjects\JavaDropGame\system\fxgl.bundle
15:03:14.191 [JavaFX Application Thread] DEBUG Engine               - Closing logger and exiting JavaFX
